<testng-results>
  <reporter-output>
  </reporter-output>
  <suite name="Command line suite" duration-ms="173204" started-at="2012-06-05T11:46:52Z" finished-at="2012-06-05T11:49:45Z">
    <groups>
    </groups>
    <test name="Command line test" duration-ms="173204" started-at="2012-06-05T11:46:52Z" finished-at="2012-06-05T11:49:45Z">
      <class name="testOrders.tests.TestManualSku">
        <test-method status="PASS" signature="getDriver()" name="getDriver" is-config="true" duration-ms="28716" started-at="2012-06-05T11:46:52Z" finished-at="2012-06-05T11:47:21Z">
        </test-method>
        <test-method status="PASS" signature="ManualEnterSkuTest()" name="ManualEnterSkuTest" duration-ms="144459" started-at="2012-06-05T11:47:21Z" finished-at="2012-06-05T11:49:45Z">
        </test-method>
        <test-method status="PASS" signature="closeDriver()" name="closeDriver" is-config="true" duration-ms="21" started-at="2012-06-05T11:49:45Z" finished-at="2012-06-05T11:49:45Z">
        </test-method>
      </class>
    </test>
  </suite>
</testng-results>
