<?xml version="1.0" encoding="UTF-8"?>
<testng-results skipped="0" failed="1" total="1" passed="0">
  <reporter-output>
  </reporter-output>
  <suite name="Default suite" duration-ms="45521" started-at="2012-05-30T17:34:33Z" finished-at="2012-05-30T17:35:18Z">
    <groups>
    </groups>
    <test name="Default test" duration-ms="45521" started-at="2012-05-30T17:34:33Z" finished-at="2012-05-30T17:35:18Z">
      <class name="testOrders.tests.TestManualSku">
        <test-method status="PASS" signature="getDriver()[pri:0, instance:testOrders.tests.TestManualSku@2f729e]" name="getDriver" is-config="true" duration-ms="30270" started-at="2012-05-30T17:34:33Z" finished-at="2012-05-30T17:35:03Z">
        </test-method>
        <test-method status="FAIL" signature="ManualEnterSkuTest()[pri:0, instance:testOrders.tests.TestManualSku@2f729e]" name="ManualEnterSkuTest" duration-ms="15015" started-at="2012-05-30T17:35:03Z" finished-at="2012-05-30T17:35:18Z">
          <exception class="java.lang.NullPointerException">
            <full-stacktrace>
              <![CDATA[java.lang.NullPointerException
	at framework.Framework.waitForTextOnPage(Framework.java:453)
	at testOrders.pageObjects.ItemDetailsPage.takeItemDetailsScreenShoot(ItemDetailsPage.java:25)
	at testOrders.tests.TestManualSku.ManualEnterSkuTest(TestManualSku.java:18)
	at sun.reflect.NativeMethodAccessorImpl.invoke0(Native Method)
	at sun.reflect.NativeMethodAccessorImpl.invoke(Unknown Source)
	at sun.reflect.DelegatingMethodAccessorImpl.invoke(Unknown Source)
	at java.lang.reflect.Method.invoke(Unknown Source)
	at org.testng.internal.MethodInvocationHelper.invokeMethod(MethodInvocationHelper.java:80)
	at org.testng.internal.Invoker.invokeMethod(Invoker.java:691)
	at org.testng.internal.Invoker.invokeTestMethod(Invoker.java:883)
	at org.testng.internal.Invoker.invokeTestMethods(Invoker.java:1208)
	at org.testng.internal.TestMethodWorker.invokeTestMethods(TestMethodWorker.java:127)
	at org.testng.internal.TestMethodWorker.run(TestMethodWorker.java:111)
	at org.testng.TestRunner.privateRun(TestRunner.java:753)
	at org.testng.TestRunner.run(TestRunner.java:613)
	at org.testng.SuiteRunner.runTest(SuiteRunner.java:335)
	at org.testng.SuiteRunner.runSequentially(SuiteRunner.java:330)
	at org.testng.SuiteRunner.privateRun(SuiteRunner.java:292)
	at org.testng.SuiteRunner.run(SuiteRunner.java:241)
	at org.testng.SuiteRunnerWorker.runSuite(SuiteRunnerWorker.java:52)
	at org.testng.SuiteRunnerWorker.run(SuiteRunnerWorker.java:86)
	at org.testng.TestNG.runSuitesSequentially(TestNG.java:1169)
	at org.testng.TestNG.runSuitesLocally(TestNG.java:1094)
	at org.testng.TestNG.run(TestNG.java:1006)
	at org.testng.remote.RemoteTestNG.run(RemoteTestNG.java:107)
	at org.testng.remote.RemoteTestNG.initAndRun(RemoteTestNG.java:199)
	at org.testng.remote.RemoteTestNG.main(RemoteTestNG.java:170)
]]>
            </full-stacktrace>
          </exception>
        </test-method>
        <test-method status="PASS" signature="closeDriver()[pri:0, instance:testOrders.tests.TestManualSku@2f729e]" name="closeDriver" is-config="true" duration-ms="59" started-at="2012-05-30T17:35:18Z" finished-at="2012-05-30T17:35:18Z">
        </test-method>
      </class>
    </test>
  </suite>
</testng-results>
